<?xml version="1.0" encoding="UTF-8"?>
<testng-results ignored="0" total="1" passed="1" failed="0" skipped="0">
  <reporter-output>
  </reporter-output>
  <suite started-at="2020-11-26T16:26:33 GMT" name="Suite" finished-at="2020-11-26T16:26:43 GMT" duration-ms="9759">
    <groups>
    </groups>
    <test started-at="2020-11-26T16:26:33 GMT" name="Test" finished-at="2020-11-26T16:26:43 GMT" duration-ms="9759">
      <class name="FirstProject.CartItemsValidation">
        <test-method is-config="true" signature="before()[pri:0, instance:FirstProject.CartItemsValidation@fade1fc]" started-at="2020-11-26T16:26:33 GMT" name="before" finished-at="2020-11-26T16:26:40 GMT" duration-ms="6229" status="PASS">
          <reporter-output>
          </reporter-output>
        </test-method> <!-- before -->
        <test-method signature="ValidateCart()[pri:0, instance:FirstProject.CartItemsValidation@fade1fc]" started-at="2020-11-26T16:26:40 GMT" name="ValidateCart" finished-at="2020-11-26T16:26:43 GMT" duration-ms="2982" status="PASS">
          <reporter-output>
          </reporter-output>
        </test-method> <!-- ValidateCart -->
        <test-method is-config="true" signature="after()[pri:0, instance:FirstProject.CartItemsValidation@fade1fc]" started-at="2020-11-26T16:26:43 GMT" name="after" finished-at="2020-11-26T16:26:43 GMT" duration-ms="491" status="PASS">
          <reporter-output>
          </reporter-output>
        </test-method> <!-- after -->
      </class> <!-- FirstProject.CartItemsValidation -->
    </test> <!-- Test -->
  </suite> <!-- Suite -->
</testng-results>
