<?xml version="1.0" encoding="UTF-8"?>
<testng-results ignored="0" total="1" passed="1" failed="0" skipped="0">
  <reporter-output>
  </reporter-output>
  <suite started-at="2020-11-26T16:21:21 GMT" name="Default suite" finished-at="2020-11-26T16:21:31 GMT" duration-ms="10141">
    <groups>
    </groups>
    <test started-at="2020-11-26T16:21:21 GMT" name="Default test" finished-at="2020-11-26T16:21:31 GMT" duration-ms="10141">
      <class name="FirstProject.CartItemsValidation">
        <test-method is-config="true" signature="before()[pri:0, instance:FirstProject.CartItemsValidation@1852a3ff]" started-at="2020-11-26T16:21:21 GMT" name="before" finished-at="2020-11-26T16:21:28 GMT" duration-ms="7215" status="PASS">
          <reporter-output>
          </reporter-output>
        </test-method> <!-- before -->
        <test-method signature="ValidateCart()[pri:0, instance:FirstProject.CartItemsValidation@1852a3ff]" started-at="2020-11-26T16:21:28 GMT" name="ValidateCart" finished-at="2020-11-26T16:21:31 GMT" duration-ms="2608" status="PASS">
          <reporter-output>
          </reporter-output>
        </test-method> <!-- ValidateCart -->
        <test-method is-config="true" signature="after()[pri:0, instance:FirstProject.CartItemsValidation@1852a3ff]" started-at="2020-11-26T16:21:31 GMT" name="after" finished-at="2020-11-26T16:21:31 GMT" duration-ms="268" status="PASS">
          <reporter-output>
          </reporter-output>
        </test-method> <!-- after -->
      </class> <!-- FirstProject.CartItemsValidation -->
    </test> <!-- Default test -->
  </suite> <!-- Default suite -->
</testng-results>
